[2020-03-09T13:33:33.105] [DEBUG] cheese - login => username:1231321321,password:646546546546
[2020-03-09T13:33:33.107] [DEBUG] cheese - 1231321321
[2020-03-09T13:33:33.233] [DEBUG] cheese - null
[2020-03-09T13:33:33.234] [DEBUG] cheese - null
[2020-03-09T13:34:14.159] [DEBUG] cheese - login => username:1112312312,password:32132132
[2020-03-09T13:34:14.160] [DEBUG] cheese - 1112312312
[2020-03-09T13:34:14.170] [DEBUG] cheese - null
[2020-03-09T13:34:14.170] [DEBUG] cheese - null
[2020-03-09T13:34:50.607] [DEBUG] cheese - login => username:zhangsan,password:zhangsansndasd
[2020-03-09T13:34:50.607] [DEBUG] cheese - zhangsan
[2020-03-09T13:34:50.612] [DEBUG] cheese - null
[2020-03-09T13:34:50.612] [DEBUG] cheese - null
[2020-03-09T13:36:22.850] [DEBUG] cheese - login => username:admin,password:123456
[2020-03-09T13:36:22.850] [DEBUG] cheese - admin
[2020-03-09T13:36:22.860] [DEBUG] cheese - null
[2020-03-09T13:36:22.860] [DEBUG] cheese - null
[2020-03-09T13:38:05.837] [DEBUG] cheese - login => username:admin,password:123456
[2020-03-09T13:38:05.838] [DEBUG] cheese - admin
[2020-03-09T13:38:05.843] [DEBUG] cheese - null
[2020-03-09T13:38:05.844] [DEBUG] cheese - null
[2020-03-09T13:39:38.053] [DEBUG] cheese - login => username:111111111,password:1111111111
[2020-03-09T13:39:38.054] [DEBUG] cheese - 111111111
[2020-03-09T13:39:38.059] [DEBUG] cheese - null
[2020-03-09T13:39:38.059] [DEBUG] cheese - null
[2020-03-09T13:39:39.315] [DEBUG] cheese - login => username:111111111,password:1111111111
[2020-03-09T13:39:39.315] [DEBUG] cheese - 111111111
[2020-03-09T13:39:39.318] [DEBUG] cheese - null
[2020-03-09T13:39:39.318] [DEBUG] cheese - null
[2020-03-09T13:43:10.610] [DEBUG] cheese - login => username:1111111,password:1111111
[2020-03-09T13:43:10.611] [DEBUG] cheese - 1111111
[2020-03-09T13:43:10.615] [DEBUG] cheese - null
[2020-03-09T13:43:10.615] [DEBUG] cheese - null
[2020-03-09T13:44:38.526] [DEBUG] cheese - login => username:admin,password:123456
[2020-03-09T13:44:38.526] [DEBUG] cheese - admin
[2020-03-09T13:44:38.529] [DEBUG] cheese - null
[2020-03-09T13:44:38.530] [DEBUG] cheese - null
[2020-03-09T13:44:56.266] [DEBUG] cheese - login => username:132132132132,password:4646546546
[2020-03-09T13:44:56.266] [DEBUG] cheese - 132132132132
[2020-03-09T13:44:56.270] [DEBUG] cheese - null
[2020-03-09T13:44:56.271] [DEBUG] cheese - null
[2020-03-09T13:46:15.592] [DEBUG] cheese - login => username:5646546464,password:546465464646
[2020-03-09T13:46:15.592] [DEBUG] cheese - 5646546464
[2020-03-09T13:46:15.596] [DEBUG] cheese - null
[2020-03-09T13:46:15.597] [DEBUG] cheese - null
[2020-03-09T13:50:33.687] [DEBUG] cheese - login => username:admin,password:123456
[2020-03-09T13:50:33.688] [DEBUG] cheese - admin
[2020-03-09T13:50:33.692] [DEBUG] cheese - null
[2020-03-09T13:50:33.693] [DEBUG] cheese - null
[2020-03-09T13:50:40.257] [DEBUG] cheese - login => username:56465465465465,password:465465465465465
[2020-03-09T13:50:40.258] [DEBUG] cheese - 56465465465465
[2020-03-09T13:50:40.264] [DEBUG] cheese - null
[2020-03-09T13:50:40.264] [DEBUG] cheese - null
[2020-03-09T13:55:44.950] [DEBUG] cheese - login => username:admin,password:123456
[2020-03-09T13:55:44.950] [DEBUG] cheese - admin
[2020-03-09T13:55:44.957] [DEBUG] cheese - null
[2020-03-09T13:55:44.958] [DEBUG] cheese - null
[2020-03-09T13:56:57.003] [DEBUG] cheese - login => username:admin,password:123456
[2020-03-09T13:56:57.003] [DEBUG] cheese - admin
[2020-03-09T13:56:57.011] [DEBUG] cheese - null
[2020-03-09T13:56:57.012] [DEBUG] cheese - null
[2020-03-09T14:10:34.454] [DEBUG] cheese - login => username:admin,password:123456
[2020-03-09T14:10:34.455] [DEBUG] cheese - admin
[2020-03-09T14:10:34.458] [DEBUG] cheese - null
[2020-03-09T14:10:34.459] [DEBUG] cheese - null
[2020-03-09T14:12:18.501] [DEBUG] cheese - login => username:admin,password:123456
[2020-03-09T14:12:18.502] [DEBUG] cheese - admin
[2020-03-09T14:12:18.505] [DEBUG] cheese - null
[2020-03-09T14:12:18.505] [DEBUG] cheese - null
[2020-03-09T14:13:12.132] [DEBUG] cheese - login => username:admin,password:123456
[2020-03-09T14:13:12.132] [DEBUG] cheese - admin
[2020-03-09T14:13:12.137] [DEBUG] cheese - null
[2020-03-09T14:13:12.137] [DEBUG] cheese - null
[2020-03-09T14:13:26.185] [DEBUG] cheese - login => username:admin,password:123456
[2020-03-09T14:13:26.185] [DEBUG] cheese - admin
[2020-03-09T14:13:26.192] [DEBUG] cheese - null
[2020-03-09T14:13:26.192] [DEBUG] cheese - null
[2020-03-09T14:17:51.591] [DEBUG] cheese - login => username:admin,password:123456
[2020-03-09T14:17:51.591] [DEBUG] cheese - admin
[2020-03-09T14:17:51.599] [DEBUG] cheese - null
[2020-03-09T14:17:51.600] [DEBUG] cheese - null
[2020-03-09T14:23:29.176] [DEBUG] cheese - login => username:admin,password:123456
[2020-03-09T14:23:29.176] [DEBUG] cheese - admin
[2020-03-09T14:23:29.184] [DEBUG] cheese - null
[2020-03-09T14:23:29.185] [DEBUG] cheese - null
[2020-03-09T14:28:59.896] [DEBUG] cheese - login => username:admin,password:123456
[2020-03-09T14:28:59.896] [DEBUG] cheese - admin
[2020-03-09T14:28:59.906] [DEBUG] cheese - null
[2020-03-09T14:28:59.906] [DEBUG] cheese - null
[2020-03-09T14:29:31.672] [DEBUG] cheese - login => username:admin,password:123456
[2020-03-09T14:29:31.672] [DEBUG] cheese - admin
[2020-03-09T14:29:31.682] [DEBUG] cheese - null
[2020-03-09T14:29:31.682] [DEBUG] cheese - null
[2020-03-09T14:43:12.420] [DEBUG] cheese - login => username:admin,password:123456
[2020-03-09T14:43:12.420] [DEBUG] cheese - admin
[2020-03-09T14:43:12.424] [DEBUG] cheese - null
[2020-03-09T14:43:12.424] [DEBUG] cheese - null
[2020-03-09T14:43:28.020] [DEBUG] cheese - login => username:admin,password:123456
[2020-03-09T14:43:28.020] [DEBUG] cheese - admin
[2020-03-09T14:43:28.024] [DEBUG] cheese - null
[2020-03-09T14:43:28.024] [DEBUG] cheese - null
[2020-03-09T14:50:54.505] [DEBUG] cheese - login => username:admin,password:123456
[2020-03-09T14:50:54.505] [DEBUG] cheese - admin
[2020-03-09T14:50:54.512] [DEBUG] cheese - null
[2020-03-09T14:50:54.512] [DEBUG] cheese - null
[2020-03-09T14:58:52.679] [DEBUG] cheese - login => username:admin,password:123456
[2020-03-09T14:58:52.679] [DEBUG] cheese - admin
[2020-03-09T14:58:52.686] [DEBUG] cheese - null
[2020-03-09T14:58:52.687] [DEBUG] cheese - null
[2020-03-09T15:26:18.606] [DEBUG] cheese - login => username:admin,password:123456
[2020-03-09T15:26:18.606] [DEBUG] cheese - admin
[2020-03-09T15:26:18.616] [DEBUG] cheese - null
[2020-03-09T15:26:18.616] [DEBUG] cheese - null
[2020-03-09T15:27:10.307] [DEBUG] cheese - login => username:admin,password:123456
[2020-03-09T15:27:10.308] [DEBUG] cheese - admin
[2020-03-09T15:27:10.313] [DEBUG] cheese - null
[2020-03-09T15:27:10.313] [DEBUG] cheese - null
[2020-03-09T15:37:37.303] [DEBUG] cheese - login => username:admin,password:123456
[2020-03-09T15:37:37.306] [DEBUG] cheese - admin
[2020-03-09T15:37:37.323] [DEBUG] cheese - null
[2020-03-09T15:37:37.324] [DEBUG] cheese - null
[2020-03-09T15:54:23.276] [DEBUG] cheese - login => username:admin,password:123456
[2020-03-09T15:54:23.276] [DEBUG] cheese - admin
[2020-03-09T15:54:23.286] [DEBUG] cheese - null
[2020-03-09T15:54:23.286] [DEBUG] cheese - null
[2020-03-09T16:21:17.443] [DEBUG] cheese - login => username:admin,password:123456
[2020-03-09T16:21:17.443] [DEBUG] cheese - admin
[2020-03-09T16:21:17.450] [DEBUG] cheese - null
[2020-03-09T16:21:17.451] [DEBUG] cheese - null
[2020-03-09T16:34:20.546] [DEBUG] cheese - login => username:admin,password:123456
[2020-03-09T16:34:20.546] [DEBUG] cheese - admin
[2020-03-09T16:34:20.552] [DEBUG] cheese - null
[2020-03-09T16:34:20.552] [DEBUG] cheese - null
[2020-03-09T19:57:39.917] [DEBUG] cheese - login => username:admin,password:123456
[2020-03-09T19:57:39.921] [DEBUG] cheese - admin
[2020-03-09T19:57:39.959] [DEBUG] cheese - null
[2020-03-09T19:57:39.959] [DEBUG] cheese - null
[2020-03-09T20:13:52.430] [DEBUG] cheese - login => username:admin,password:123456
[2020-03-09T20:13:52.432] [DEBUG] cheese - admin
[2020-03-09T20:13:52.508] [DEBUG] cheese - null
[2020-03-09T20:13:52.509] [DEBUG] cheese - null
[2020-03-09T20:17:01.066] [DEBUG] cheese - login => username:admin,password:123456
[2020-03-09T20:17:01.066] [DEBUG] cheese - admin
[2020-03-09T20:17:01.069] [DEBUG] cheese - null
[2020-03-09T20:17:01.070] [DEBUG] cheese - null
[2020-03-09T20:39:36.897] [DEBUG] cheese - login => username:admin,password:123456
[2020-03-09T20:39:36.897] [DEBUG] cheese - admin
[2020-03-09T20:39:36.899] [DEBUG] cheese - null
[2020-03-09T20:39:36.899] [DEBUG] cheese - null
[2020-03-09T20:39:42.180] [DEBUG] cheese - login => username:admin,password:123456
[2020-03-09T20:39:42.180] [DEBUG] cheese - admin
[2020-03-09T20:39:42.182] [DEBUG] cheese - null
[2020-03-09T20:39:42.183] [DEBUG] cheese - null
[2020-03-09T20:43:57.515] [DEBUG] cheese - login => username:admin,password:123456
[2020-03-09T20:43:57.515] [DEBUG] cheese - admin
[2020-03-09T20:43:57.518] [DEBUG] cheese - null
[2020-03-09T20:43:57.518] [DEBUG] cheese - null
[2020-03-09T20:44:38.724] [DEBUG] cheese - login => username:admin,password:123456
[2020-03-09T20:44:38.725] [DEBUG] cheese - admin
[2020-03-09T20:44:38.729] [DEBUG] cheese - null
[2020-03-09T20:44:38.729] [DEBUG] cheese - null
[2020-03-09T20:48:23.664] [DEBUG] cheese - login => username:admin,password:123456
[2020-03-09T20:48:23.665] [DEBUG] cheese - admin
[2020-03-09T20:48:23.670] [DEBUG] cheese - null
[2020-03-09T20:48:23.670] [DEBUG] cheese - null
[2020-03-09T21:04:14.239] [DEBUG] cheese - login => username:admin,password:123456
[2020-03-09T21:04:14.239] [DEBUG] cheese - admin
[2020-03-09T21:04:14.242] [DEBUG] cheese - null
[2020-03-09T21:04:14.242] [DEBUG] cheese - null
[2020-03-09T21:09:37.510] [DEBUG] cheese - login => username:admin,password:123456
[2020-03-09T21:09:37.510] [DEBUG] cheese - admin
[2020-03-09T21:09:37.512] [DEBUG] cheese - null
[2020-03-09T21:09:37.512] [DEBUG] cheese - null
[2020-03-09T21:09:41.508] [DEBUG] cheese - login => username:admin,password:123456
[2020-03-09T21:09:41.508] [DEBUG] cheese - admin
[2020-03-09T21:09:41.511] [DEBUG] cheese - null
[2020-03-09T21:09:41.511] [DEBUG] cheese - null
[2020-03-09T21:10:10.125] [DEBUG] cheese - login => username:admin,password:123456
[2020-03-09T21:10:10.125] [DEBUG] cheese - admin
[2020-03-09T21:10:10.127] [DEBUG] cheese - null
[2020-03-09T21:10:10.127] [DEBUG] cheese - null
[2020-03-09T21:12:20.492] [DEBUG] cheese - login => username:admin,password:123456
[2020-03-09T21:12:20.493] [DEBUG] cheese - admin
[2020-03-09T21:12:20.495] [DEBUG] cheese - null
[2020-03-09T21:12:20.495] [DEBUG] cheese - null
[2020-03-10T13:15:57.572] [DEBUG] cheese - login => username:admin,password:123456
[2020-03-10T13:15:57.574] [DEBUG] cheese - admin
[2020-03-10T13:15:57.659] [DEBUG] cheese - null
[2020-03-10T13:15:57.660] [DEBUG] cheese - null
[2020-03-10T13:16:11.817] [DEBUG] cheese - login => username:admin,password:123456
[2020-03-10T13:16:11.818] [DEBUG] cheese - admin
[2020-03-10T13:16:11.823] [DEBUG] cheese - null
[2020-03-10T13:16:11.823] [DEBUG] cheese - null
[2020-03-10T13:25:42.076] [DEBUG] cheese - login => username:admin,password:123456
[2020-03-10T13:25:42.076] [DEBUG] cheese - admin
[2020-03-10T13:25:42.080] [DEBUG] cheese - null
[2020-03-10T13:25:42.080] [DEBUG] cheese - null
[2020-03-10T13:31:18.918] [DEBUG] cheese - login => username:admin,password:123456
[2020-03-10T13:31:18.918] [DEBUG] cheese - admin
[2020-03-10T13:31:18.924] [DEBUG] cheese - null
[2020-03-10T13:31:18.925] [DEBUG] cheese - null
[2020-03-10T16:40:59.768] [DEBUG] cheese - login => username:admin,password:123456
[2020-03-10T16:40:59.770] [DEBUG] cheese - admin
[2020-03-10T16:40:59.907] [DEBUG] cheese - null
[2020-03-10T16:40:59.908] [DEBUG] cheese - null
[2020-03-10T18:35:04.043] [DEBUG] cheese - login => username:admin,password:123456
[2020-03-10T18:35:04.043] [DEBUG] cheese - admin
[2020-03-10T18:35:04.047] [DEBUG] cheese - null
[2020-03-10T18:35:04.047] [DEBUG] cheese - null
[2020-03-10T18:35:34.233] [DEBUG] cheese - login => username:admin,password:123456
[2020-03-10T18:35:34.233] [DEBUG] cheese - admin
[2020-03-10T18:35:34.238] [DEBUG] cheese - null
[2020-03-10T18:35:34.239] [DEBUG] cheese - null
[2020-03-10T18:35:48.307] [DEBUG] cheese - login => username:admin,password:123456
[2020-03-10T18:35:48.307] [DEBUG] cheese - admin
[2020-03-10T18:35:48.316] [DEBUG] cheese - null
[2020-03-10T18:35:48.316] [DEBUG] cheese - null
[2020-03-10T18:36:26.926] [DEBUG] cheese - login => username:admin,password:123456
[2020-03-10T18:36:26.926] [DEBUG] cheese - admin
[2020-03-10T18:36:26.930] [DEBUG] cheese - null
[2020-03-10T18:36:26.930] [DEBUG] cheese - null
[2020-03-10T18:36:32.028] [DEBUG] cheese - login => username:admin,password:123456
[2020-03-10T18:36:32.028] [DEBUG] cheese - admin
[2020-03-10T18:36:32.031] [DEBUG] cheese - null
[2020-03-10T18:36:32.031] [DEBUG] cheese - null
[2020-03-10T19:03:33.975] [DEBUG] cheese - login => username:admin,password:123456
[2020-03-10T19:03:33.976] [DEBUG] cheese - admin
[2020-03-10T19:03:33.981] [DEBUG] cheese - null
[2020-03-10T19:03:33.981] [DEBUG] cheese - null
[2020-03-10T21:11:26.912] [DEBUG] cheese - login => username:admin,password:123456
[2020-03-10T21:11:26.912] [DEBUG] cheese - admin
[2020-03-10T21:11:26.919] [DEBUG] cheese - null
[2020-03-10T21:11:26.920] [DEBUG] cheese - null
[2020-03-11T09:37:58.698] [DEBUG] cheese - login => username:admin,password:123456
[2020-03-11T09:37:58.700] [DEBUG] cheese - admin
[2020-03-11T09:37:58.769] [DEBUG] cheese - null
[2020-03-11T09:37:58.770] [DEBUG] cheese - null
[2020-03-11T19:10:08.901] [DEBUG] cheese - login => username:admin,password:123456
[2020-03-11T19:10:08.903] [DEBUG] cheese - admin
[2020-03-11T19:10:08.924] [DEBUG] cheese - null
[2020-03-11T19:10:08.925] [DEBUG] cheese - null
[2020-03-11T20:55:40.446] [DEBUG] cheese - login => username:admin,password:123456
[2020-03-11T20:55:40.447] [DEBUG] cheese - admin
[2020-03-11T20:55:40.449] [DEBUG] cheese - null
[2020-03-11T20:55:40.450] [DEBUG] cheese - null
[2020-03-12T13:56:28.156] [DEBUG] cheese - login => username:admin,password:123456
[2020-03-12T13:56:28.158] [DEBUG] cheese - admin
[2020-03-12T13:56:28.224] [DEBUG] cheese - null
[2020-03-12T13:56:28.224] [DEBUG] cheese - null
[2020-03-12T14:21:17.130] [DEBUG] cheese - login => username:admin,password:123456
[2020-03-12T14:21:17.130] [DEBUG] cheese - admin
[2020-03-12T14:21:17.134] [DEBUG] cheese - null
[2020-03-12T14:21:17.134] [DEBUG] cheese - null
[2020-03-12T14:49:10.620] [DEBUG] cheese - login => username:admin,password:123456
[2020-03-12T14:49:10.620] [DEBUG] cheese - admin
[2020-03-12T14:49:10.625] [DEBUG] cheese - null
[2020-03-12T14:49:10.626] [DEBUG] cheese - null
[2020-03-12T20:29:09.849] [DEBUG] cheese - login => username:admin,password:123456
[2020-03-12T20:29:09.851] [DEBUG] cheese - admin
[2020-03-12T20:29:09.917] [DEBUG] cheese - null
[2020-03-12T20:29:09.917] [DEBUG] cheese - null
[2020-03-13T13:15:39.178] [DEBUG] cheese - login => username:admin,password:123456
[2020-03-13T13:15:39.181] [DEBUG] cheese - admin
[2020-03-13T13:15:39.262] [DEBUG] cheese - null
[2020-03-13T13:15:39.264] [DEBUG] cheese - null
[2020-03-13T13:24:19.196] [DEBUG] cheese - login => username:admin,password:123456
[2020-03-13T13:24:19.197] [DEBUG] cheese - admin
[2020-03-13T13:24:19.202] [DEBUG] cheese - null
[2020-03-13T13:24:19.203] [DEBUG] cheese - null
[2020-03-13T16:23:15.886] [DEBUG] cheese - null
[2020-03-13T16:25:02.980] [DEBUG] cheese - null
[2020-03-13T16:29:00.210] [DEBUG] cheese - null
[2020-03-13T16:57:29.016] [DEBUG] cheese - null
[2020-03-13T18:42:08.737] [DEBUG] cheese - login => username:admin,password:123456
[2020-03-13T18:42:08.739] [DEBUG] cheese - admin
[2020-03-13T18:42:08.771] [DEBUG] cheese - null
[2020-03-13T18:42:08.771] [DEBUG] cheese - null
[2020-03-13T18:49:56.564] [DEBUG] cheese - null
[2020-03-13T19:59:17.224] [DEBUG] cheese - login => username:admin,password:123456
[2020-03-13T19:59:17.224] [DEBUG] cheese - admin
[2020-03-13T19:59:17.227] [DEBUG] cheese - null
[2020-03-13T19:59:17.227] [DEBUG] cheese - null
[2020-03-13T20:02:18.302] [DEBUG] cheese - login => username:admin,password:123456
[2020-03-13T20:02:18.304] [DEBUG] cheese - admin
[2020-03-13T20:02:18.318] [DEBUG] cheese - null
[2020-03-13T20:02:18.319] [DEBUG] cheese - null
[2020-03-14T13:15:39.165] [DEBUG] cheese - login => username:admin,password:123456
[2020-03-14T13:15:39.168] [DEBUG] cheese - admin
[2020-03-14T13:15:39.219] [DEBUG] cheese - null
[2020-03-14T13:15:39.221] [DEBUG] cheese - null
[2020-03-14T13:54:53.753] [DEBUG] cheese - login => username:admin,password:123456
[2020-03-14T13:54:53.754] [DEBUG] cheese - admin
[2020-03-14T13:54:53.759] [DEBUG] cheese - null
[2020-03-14T13:54:53.759] [DEBUG] cheese - null
[2020-03-14T17:02:14.958] [DEBUG] cheese - login => username:admin,password:123456
[2020-03-14T17:02:14.960] [DEBUG] cheese - admin
[2020-03-14T17:02:14.970] [DEBUG] cheese - null
[2020-03-14T17:02:14.971] [DEBUG] cheese - null
[2020-03-14T17:20:36.187] [DEBUG] cheese - login => username:admin,password:123456
[2020-03-14T17:20:36.187] [DEBUG] cheese - admin
[2020-03-14T17:20:36.190] [DEBUG] cheese - null
[2020-03-14T17:20:36.190] [DEBUG] cheese - null
[2020-03-14T18:33:44.469] [DEBUG] cheese - login => username:admin,password:123456
[2020-03-14T18:33:44.470] [DEBUG] cheese - admin
[2020-03-14T18:33:44.484] [DEBUG] cheese - null
[2020-03-14T18:33:44.485] [DEBUG] cheese - null
[2020-03-15T19:05:30.022] [DEBUG] cheese - login => username:admin,password:123456
[2020-03-15T19:05:30.025] [DEBUG] cheese - admin
[2020-03-15T19:05:30.108] [DEBUG] cheese - null
[2020-03-15T19:05:30.109] [DEBUG] cheese - null
[2020-03-16T13:52:43.946] [DEBUG] cheese - login => username:admin,password:123456
[2020-03-16T13:52:43.949] [DEBUG] cheese - admin
[2020-03-16T13:52:44.016] [DEBUG] cheese - null
[2020-03-16T13:52:44.017] [DEBUG] cheese - null
[2020-03-16T14:19:36.347] [DEBUG] cheese - login => username:admin,password:123456
[2020-03-16T14:19:36.350] [DEBUG] cheese - admin
[2020-03-16T14:19:36.355] [DEBUG] cheese - null
[2020-03-16T14:19:36.357] [DEBUG] cheese - null
[2020-03-17T13:29:47.630] [DEBUG] cheese - login => username:admin,password:123456
[2020-03-17T13:29:47.632] [DEBUG] cheese - admin
[2020-03-17T13:29:47.688] [DEBUG] cheese - null
[2020-03-17T13:29:47.690] [DEBUG] cheese - null
[2020-03-17T20:24:33.106] [DEBUG] cheese - login => username:admin,password:123456
[2020-03-17T20:24:33.110] [DEBUG] cheese - admin
[2020-03-17T20:24:33.143] [DEBUG] cheese - null
[2020-03-17T20:24:33.143] [DEBUG] cheese - null
[2020-03-19T13:34:17.644] [DEBUG] cheese - login => username:admin,password:123456
[2020-03-19T13:34:17.645] [DEBUG] cheese - admin
[2020-03-19T13:34:17.709] [DEBUG] cheese - null
[2020-03-19T13:34:17.710] [DEBUG] cheese - null
[2020-03-19T14:07:38.944] [DEBUG] cheese - login => username:admin,password:123456
[2020-03-19T14:07:38.949] [DEBUG] cheese - admin
[2020-03-19T14:07:38.954] [DEBUG] cheese - null
[2020-03-19T14:07:38.955] [DEBUG] cheese - null
[2020-03-19T18:40:45.872] [DEBUG] cheese - login => username:admin,password:123456
[2020-03-19T18:40:45.873] [DEBUG] cheese - admin
[2020-03-19T18:40:45.926] [DEBUG] cheese - null
[2020-03-19T18:40:45.927] [DEBUG] cheese - null
[2020-03-19T19:07:25.845] [DEBUG] cheese - login => username:admin,password:123456
[2020-03-19T19:07:25.847] [DEBUG] cheese - admin
[2020-03-19T19:07:25.856] [DEBUG] cheese - null
[2020-03-19T19:07:25.857] [DEBUG] cheese - null
[2020-03-19T19:54:56.924] [DEBUG] cheese - null
[2020-03-19T20:03:48.353] [DEBUG] cheese - null
[2020-03-20T09:20:49.960] [DEBUG] cheese - login => username:admin,password:123456
[2020-03-20T09:20:49.962] [DEBUG] cheese - admin
[2020-03-20T09:20:50.012] [DEBUG] cheese - null
[2020-03-20T09:20:50.013] [DEBUG] cheese - null
[2020-03-20T10:29:47.725] [DEBUG] cheese - login => username:admin,password:123456
[2020-03-20T10:29:47.727] [DEBUG] cheese - admin
[2020-03-20T10:29:47.737] [DEBUG] cheese - null
[2020-03-20T10:29:47.738] [DEBUG] cheese - null
[2020-03-20T13:09:24.601] [DEBUG] cheese - login => username:admin,password:123456
[2020-03-20T13:09:24.602] [DEBUG] cheese - admin
[2020-03-20T13:09:24.606] [DEBUG] cheese - null
[2020-03-20T13:09:24.607] [DEBUG] cheese - null
[2020-03-20T14:54:44.006] [DEBUG] cheese - login => username:admin,password:123456
[2020-03-20T14:54:44.006] [DEBUG] cheese - admin
[2020-03-20T14:54:44.013] [DEBUG] cheese - null
[2020-03-20T14:54:44.013] [DEBUG] cheese - null
[2020-03-20T15:00:36.882] [DEBUG] cheese - login => username:admin,password:123456
[2020-03-20T15:00:36.882] [DEBUG] cheese - admin
[2020-03-20T15:00:36.885] [DEBUG] cheese - null
[2020-03-20T15:00:36.885] [DEBUG] cheese - null
